#
# There is insufficient memory for the Java Runtime Environment to continue.
# Native memory allocation (mmap) failed to map 524288 bytes for G1 virtual space
# Possible reasons:
#   The system is out of physical RAM or swap space
#   The process is running with CompressedOops enabled, and the Java Heap may be blocking the growth of the native heap
# Possible solutions:
#   Reduce memory load on the system
#   Increase physical memory or swap space
#   Check if swap backing store is full
#   Decrease Java heap size (-Xmx/-Xms)
#   Decrease number of Java threads
#   Decrease Java thread stack sizes (-Xss)
#   Set larger code cache with -XX:ReservedCodeCacheSize=
#   JVM is running with Zero Based Compressed Oops mode in which the Java heap is
#     placed in the first 32GB address space. The Java Heap base address is the
#     maximum limit for the native heap growth. Please use -XX:HeapBaseMinAddress
#     to set the Java Heap base and to place the Java Heap above 32GB virtual address.
# This output file may be truncated or incomplete.
#
#  Out of Memory Error (os_windows.cpp:3530), pid=22068, tid=22152
#
# JRE version:  (18.0+37) (build )
# Java VM: OpenJDK 64-Bit Server VM (18+37, mixed mode, sharing, tiered, compressed oops, compressed class ptrs, g1 gc, windows-amd64)
# No core dump will be written. Minidumps are not enabled by default on client versions of Windows
#

---------------  S U M M A R Y ------------

Command Line: -Dvisualvm.id=45277219408300 -javaagent:C:\Program Files\JetBrains\IntelliJ IDEA 2020.3.1\lib\idea_rt.jar=54496:C:\Program Files\JetBrains\IntelliJ IDEA 2020.3.1\bin -Dfile.encoding=UTF-8 quicksortPractice

Host: Intel(R) Core(TM) i7-10700K CPU @ 3.80GHz, 16 cores, 15G,  Windows 10 , 64 bit Build 19041 (10.0.19041.1645)
Time: Fri May  6 10:15:33 2022 GTB Daylight Time elapsed time: 0.008669 seconds (0d 0h 0m 0s)

---------------  T H R E A D  ---------------

Current thread (0x000001fe2b2bfd80):  JavaThread "Unknown thread" [_thread_in_vm, id=22152, stack(0x0000002083600000,0x0000002083700000)]

Stack: [0x0000002083600000,0x0000002083700000]
Native frames: (J=compiled Java code, j=interpreted, Vv=VM code, C=native code)
V  [jvm.dll+0x6845fa]
V  [jvm.dll+0x82972d]
V  [jvm.dll+0x82affe]
V  [jvm.dll+0x82b6a3]
V  [jvm.dll+0x25eb9b]
V  [jvm.dll+0x68149a]
V  [jvm.dll+0x67602a]
V  [jvm.dll+0x323e59]
V  [jvm.dll+0x32b4e6]
V  [jvm.dll+0x37d8ce]
V  [jvm.dll+0x37daaf]
V  [jvm.dll+0x2faf6a]
V  [jvm.dll+0x2fbfe1]
V  [jvm.dll+0x7f9ba0]
V  [jvm.dll+0x38a7d1]
V  [jvm.dll+0x7d9505]
V  [jvm.dll+0x405233]
V  [jvm.dll+0x406bf1]
C  [jli.dll+0x519f]
C  [ucrtbase.dll+0x21bb2]
C  [KERNEL32.DLL+0x17034]
C  [ntdll.dll+0x52651]


---------------  P R O C E S S  ---------------

Threads class SMR info:
_java_thread_list=0x00007fff173e8610, length=0, elements={
}

Java Threads: ( => current thread )

Other Threads:
  0x000001fe2b332f00 WorkerThread "GC Thread#0" [stack: 0x0000002083700000,0x0000002083800000] [id=14592]
  0x000001fe2927df70 ConcurrentGCThread "G1 Main Marker" [stack: 0x0000002083800000,0x0000002083900000] [id=10440]
  0x000001fe2927ea00 WorkerThread "G1 Conc#0" [stack: 0x0000002083900000,0x0000002083a00000] [id=20128]

[error occurred during error reporting (printing all threads), id 0xc0000005, EXCEPTION_ACCESS_VIOLATION (0xc0000005) at pc=0x00007fff16bbc027]

VM state: not at safepoint (not fully initialized)

VM Mutex/Monitor currently owned by a thread:  ([mutex/lock_event])
[0x000001fe2b2bd400] Heap_lock - owner thread: 0x000001fe2b2bfd80

Heap address: 0x0000000701a00000, size: 4070 MB, Compressed Oops mode: Zero based, Oop shift amount: 3

CDS archive(s) mapped at: [0x0000000000000000-0x0000000000000000-0x0000000000000000), size 0, SharedBaseAddress: 0x0000000800000000, ArchiveRelocationMode: 0.
Narrow klass base: 0x0000000000000000, Narrow klass shift: 0, Narrow klass range: 0x0

GC Precious Log:
 CardTable entry size: 512
 Card Set container configuration: InlinePtr #cards 4 size 8 Array Of Cards #cards 16 size 48 Howl #buckets 8 coarsen threshold 3686 Howl Bitmap #cards 512 size 80 coarsen threshold 460 Card regions per heap region 1 cards per card region 4096

Heap:
 garbage-first heap   total 0K, used 0K [0x0000000701a00000, 0x0000000800000000)
  region size 2048K, 0 young (0K), 0 survivors (0K)

[error occurred during error reporting (printing heap information), id 0xc0000005, EXCEPTION_ACCESS_VIOLATION (0xc0000005) at pc=0x00007fff16f8c169]

GC Heap History (0 events):
No events

Deoptimization events (0 events):
No events

Classes loaded (0 events):
No events

Classes unloaded (0 events):
No events

Classes redefined (0 events):
No events

Internal exceptions (0 events):
No events

VM Operations (0 events):
No events

Events (1 events):
Event: 0.005 Loaded shared library C:\Program Files\BellSoft\LibericaJDK-18-Full\bin\java.dll


Dynamic libraries:
0x00007ff7480c0000 - 0x00007ff7480cd000 	C:\Program Files\BellSoft\LibericaJDK-18-Full\bin\java.exe
0x00007fff76f10000 - 0x00007fff77105000 	C:\WINDOWS\SYSTEM32\ntdll.dll
0x00007fff75390000 - 0x00007fff7544e000 	C:\WINDOWS\System32\KERNEL32.DLL
0x00007fff74a60000 - 0x00007fff74d28000 	C:\WINDOWS\System32\KERNELBASE.dll
0x00007fff74960000 - 0x00007fff74a60000 	C:\WINDOWS\System32\ucrtbase.dll
0x00007fff70170000 - 0x00007fff70185000 	C:\Program Files\BellSoft\LibericaJDK-18-Full\bin\VCRUNTIME140.dll
0x00007fff70190000 - 0x00007fff701a7000 	C:\Program Files\BellSoft\LibericaJDK-18-Full\bin\jli.dll
0x00007fff76d00000 - 0x00007fff76ea0000 	C:\WINDOWS\System32\USER32.dll
0x00007fff60d10000 - 0x00007fff60faa000 	C:\WINDOWS\WinSxS\amd64_microsoft.windows.common-controls_6595b64144ccf1df_6.0.19041.1110_none_60b5254171f9507e\COMCTL32.dll
0x00007fff747f0000 - 0x00007fff74812000 	C:\WINDOWS\System32\win32u.dll
0x00007fff75b00000 - 0x00007fff75b9e000 	C:\WINDOWS\System32\msvcrt.dll
0x00007fff75ba0000 - 0x00007fff75bca000 	C:\WINDOWS\System32\GDI32.dll
0x00007fff746e0000 - 0x00007fff747eb000 	C:\WINDOWS\System32\gdi32full.dll
0x00007fff74820000 - 0x00007fff748bd000 	C:\WINDOWS\System32\msvcp_win.dll
0x00007fff75450000 - 0x00007fff75480000 	C:\WINDOWS\System32\IMM32.DLL
0x00007fff5bb90000 - 0x00007fff5bc2b000 	C:\Program Files\BellSoft\LibericaJDK-18-Full\bin\msvcp140.dll
0x00007fff168b0000 - 0x00007fff17520000 	C:\Program Files\BellSoft\LibericaJDK-18-Full\bin\server\jvm.dll
0x00007fff75480000 - 0x00007fff7552e000 	C:\WINDOWS\System32\ADVAPI32.dll
0x00007fff76980000 - 0x00007fff76a1c000 	C:\WINDOWS\System32\sechost.dll
0x00007fff75de0000 - 0x00007fff75f05000 	C:\WINDOWS\System32\RPCRT4.dll
0x00007fff76910000 - 0x00007fff76918000 	C:\WINDOWS\System32\PSAPI.DLL
0x00007fff6c1f0000 - 0x00007fff6c217000 	C:\WINDOWS\SYSTEM32\WINMM.dll
0x00007fff5b5f0000 - 0x00007fff5b5f9000 	C:\WINDOWS\SYSTEM32\WSOCK32.dll
0x00007fff6ca10000 - 0x00007fff6ca1a000 	C:\WINDOWS\SYSTEM32\VERSION.dll
0x00007fff75ce0000 - 0x00007fff75d4b000 	C:\WINDOWS\System32\WS2_32.dll
0x00007fff72430000 - 0x00007fff72442000 	C:\WINDOWS\SYSTEM32\kernel.appcore.dll
0x00007fff70160000 - 0x00007fff7016a000 	C:\Program Files\BellSoft\LibericaJDK-18-Full\bin\jimage.dll
0x00007fff5b3b0000 - 0x00007fff5b594000 	C:\WINDOWS\SYSTEM32\DBGHELP.DLL
0x00007fff5b340000 - 0x00007fff5b36c000 	C:\WINDOWS\SYSTEM32\dbgcore.DLL
0x00007fff74600000 - 0x00007fff74682000 	C:\WINDOWS\System32\bcryptPrimitives.dll
0x00007fff70150000 - 0x00007fff7015e000 	C:\Program Files\BellSoft\LibericaJDK-18-Full\bin\instrument.dll
0x00007fff5fff0000 - 0x00007fff60015000 	C:\Program Files\BellSoft\LibericaJDK-18-Full\bin\java.dll

dbghelp: loaded successfully - version: 4.0.5 - missing functions: none
symbol engine: initialized successfully - sym options: 0x614 - pdb path: .;C:\Program Files\BellSoft\LibericaJDK-18-Full\bin;C:\WINDOWS\SYSTEM32;C:\WINDOWS\WinSxS\amd64_microsoft.windows.common-controls_6595b64144ccf1df_6.0.19041.1110_none_60b5254171f9507e;C:\Program Files\BellSoft\LibericaJDK-18-Full\bin\server

VM Arguments:
jvm_args: -Dvisualvm.id=45277219408300 -javaagent:C:\Program Files\JetBrains\IntelliJ IDEA 2020.3.1\lib\idea_rt.jar=54496:C:\Program Files\JetBrains\IntelliJ IDEA 2020.3.1\bin -Dfile.encoding=UTF-8 
java_command: quicksortPractice
java_class_path (initial): C:\Users\User\IdeaProjects\CS241_HW_AH239059\out\production\CS241_HW_AH239059
Launcher Type: SUN_STANDARD

[Global flags]
     intx CICompilerCount                          = 12                                        {product} {ergonomic}
     uint ConcGCThreads                            = 3                                         {product} {ergonomic}
     uint G1ConcRefinementThreads                  = 13                                        {product} {ergonomic}
   size_t G1HeapRegionSize                         = 2097152                                   {product} {ergonomic}
    uintx GCDrainStackTargetSize                   = 64                                        {product} {ergonomic}
   size_t InitialHeapSize                          = 268435456                                 {product} {ergonomic}
   size_t MarkStackSize                            = 4194304                                   {product} {ergonomic}
   size_t MaxHeapSize                              = 4267704320                                {product} {ergonomic}
   size_t MinHeapDeltaBytes                        = 2097152                                   {product} {ergonomic}
   size_t MinHeapSize                              = 8388608                                   {product} {ergonomic}
    uintx NonNMethodCodeHeapSize                   = 7602480                                {pd product} {ergonomic}
    uintx NonProfiledCodeHeapSize                  = 122027880                              {pd product} {ergonomic}
    uintx ProfiledCodeHeapSize                     = 122027880                              {pd product} {ergonomic}
    uintx ReservedCodeCacheSize                    = 251658240                              {pd product} {ergonomic}
     bool SegmentedCodeCache                       = true                                      {product} {ergonomic}
   size_t SoftMaxHeapSize                          = 4267704320                             {manageable} {ergonomic}
     bool UseCompressedClassPointers               = true                           {product lp64_product} {ergonomic}
     bool UseCompressedOops                        = true                           {product lp64_product} {ergonomic}
     bool UseG1GC                                  = true                                      {product} {ergonomic}
     bool UseLargePagesIndividualAllocation        = false                                  {pd product} {ergonomic}

Logging:
Log output configuration:
 #0: stdout all=warning uptime,level,tags foldmultilines=false
 #1: stderr all=off uptime,level,tags foldmultilines=false

Environment Variables:
JAVA_HOME=C:\Program Files\BellSoft\LibericaJDK-18-Full\
PATH=C:\Program Files\BellSoft\LibericaJDK-18-Full\bin\;C:\Program Files\BellSoft\LibericaJDK-8-Full\bin\;C:\Program Files\BellSoft\LibericaJDK-11-Full\bin\;C:\Program Files\BellSoft\LibericaJDK-17-Full\bin\;C:\Program Files (x86)\Razer Chroma SDK\bin;C:\Program Files\Razer Chroma SDK\bin;C:\Program Files (x86)\Razer\ChromaBroadcast\bin;C:\Program Files\Razer\ChromaBroadcast\bin;C:\Program Files\Python36\Scripts\;C:\Program Files\Python36\;C:\Windows\system32;C:\Windows;C:\Windows\System32\Wbem;C:\Windows\System32\WindowsPowerShell\v1.0\;C:\Windows\System32\OpenSSH\;C:\Program Files (x86)\NVIDIA Corporation\PhysX\Common;C:\Program Files\NVIDIA Corporation\NVIDIA NvDLISR;C:\WINDOWS\system32;C:\WINDOWS;C:\WINDOWS\System32\Wbem;C:\WINDOWS\System32\WindowsPowerShell\v1.0\;C:\WINDOWS\System32\OpenSSH\;C:\WINDOWS\system32\config\systemprofile\AppData\Local\Microsoft\WindowsApps;C:\Program Files\OpenVPN\bin;C:\Program Files\PuTTY\;C;C:\Program Files\Git\cmd;C:\MinGW\bin;C:\Program Files (x86)\Windows Kits\10\Windows Performance Toolkit\;C:\Program Files\nodejs\;C:\Program Files\MySQL\MySQL Shell 8.0\bin\;C:\Users\User\AppData\Local\Microsoft\WindowsApps;;C:\Program Files\JetBrains\IntelliJ IDEA 2020.3.1\bin;;C:\Program Files\gretl;C:\Users\User\AppData\Roaming\npm
USERNAME=User
OS=Windows_NT
PROCESSOR_IDENTIFIER=Intel64 Family 6 Model 165 Stepping 5, GenuineIntel



---------------  S Y S T E M  ---------------

OS:
 Windows 10 , 64 bit Build 19041 (10.0.19041.1645)
OS uptime: 0 days 12:34 hours

CPU: total 16 (initial active 16) (8 cores per cpu, 2 threads per core) family 6 model 165 stepping 5 microcode 0xca, cx8, cmov, fxsr, ht, mmx, 3dnowpref, sse, sse2, sse3, ssse3, sse4.1, sse4.2, popcnt, lzcnt, tsc, tscinvbit, avx, avx2, aes, erms, clmul, bmi1, bmi2, adx, fma, vzeroupper, clflush, clflushopt

Memory: 4k page, system-wide physical 16274M (4751M free)
TotalPageFile size 16274M (AvailPageFile size 4M)
current process WorkingSet (physical memory assigned to process): 11M, peak: 11M
current process commit charge ("private bytes"): 336M, peak: 336M

vm_info: OpenJDK 64-Bit Server VM (18+37) for windows-amd64 JRE (18+37), built on Mar 22 2022 17:44:09 by "" with MS VC++ 15.9 (VS2017)

END.
